[debug] [2022-05-15T16:52:37.272Z] ----------------------------------------------------------------------
[debug] [2022-05-15T16:52:37.274Z] Command:       C:\Program Files\nodejs\node.exe C:\Users\ASUS\AppData\Roaming\npm\node_modules\firebase-tools\lib\bin\firebase.js init
[debug] [2022-05-15T16:52:37.274Z] CLI Version:   9.23.1
[debug] [2022-05-15T16:52:37.274Z] Platform:      win32
[debug] [2022-05-15T16:52:37.274Z] Node Version:  v14.17.6
[debug] [2022-05-15T16:52:37.285Z] Time:          Sun May 15 2022 23:52:37 GMT+0700 (Western Indonesia Time)
[debug] [2022-05-15T16:52:37.285Z] ----------------------------------------------------------------------
[debug] 
[debug] [2022-05-15T16:52:37.289Z] >>> [apiv2][query] GET https://firebase-public.firebaseio.com/cli.json [none]
[debug] [2022-05-15T16:52:37.311Z] > command requires scopes: ["email","openid","https://www.googleapis.com/auth/cloudplatformprojects.readonly","https://www.googleapis.com/auth/firebase","https://www.googleapis.com/auth/cloud-platform"]
[debug] [2022-05-15T16:52:37.311Z] > authorizing via signed-in user (maskurshidi12@gmail.com)
[info] 
     ######## #### ########  ######## ########     ###     ######  ########
     ##        ##  ##     ## ##       ##     ##  ##   ##  ##       ##
     ######    ##  ########  ######   ########  #########  ######  ######
     ##        ##  ##    ##  ##       ##     ## ##     ##       ## ##
     ##       #### ##     ## ######## ########  ##     ##  ######  ########

You're about to initialize a Firebase project in this directory:

  C:\Users\ASUS\Downloads\Dev\job\bantubantuin\frontend-react

[debug] [2022-05-15T16:52:38.195Z] <<< [apiv2][status] GET https://firebase-public.firebaseio.com/cli.json 200
[debug] [2022-05-15T16:52:38.196Z] <<< [apiv2][body] GET https://firebase-public.firebaseio.com/cli.json {"cloudBuildErrorAfter":1594252800000,"cloudBuildWarnAfter":1590019200000,"defaultNode10After":1594252800000,"minVersion":"3.0.5","node8DeploysDisabledAfter":1613390400000,"node8RuntimeDisabledAfter":1615809600000,"node8WarnAfter":1600128000000}
[debug] [2022-05-15T16:52:56.781Z] ----------------------------------------------------------------------
[debug] [2022-05-15T16:52:56.783Z] Command:       C:\Program Files\nodejs\node.exe C:\Users\ASUS\AppData\Roaming\npm\node_modules\firebase-tools\lib\bin\firebase.js init
[debug] [2022-05-15T16:52:56.784Z] CLI Version:   9.23.1
[debug] [2022-05-15T16:52:56.784Z] Platform:      win32
[debug] [2022-05-15T16:52:56.784Z] Node Version:  v14.17.6
[debug] [2022-05-15T16:52:56.784Z] Time:          Sun May 15 2022 23:52:56 GMT+0700 (Western Indonesia Time)
[debug] [2022-05-15T16:52:56.785Z] ----------------------------------------------------------------------
[debug] 
[debug] [2022-05-15T16:52:56.792Z] > command requires scopes: ["email","openid","https://www.googleapis.com/auth/cloudplatformprojects.readonly","https://www.googleapis.com/auth/firebase","https://www.googleapis.com/auth/cloud-platform"]
[debug] [2022-05-15T16:52:56.792Z] > authorizing via signed-in user (maskurshidi12@gmail.com)
[info] 
     ######## #### ########  ######## ########     ###     ######  ########
     ##        ##  ##     ## ##       ##     ##  ##   ##  ##       ##
     ######    ##  ########  ######   ########  #########  ######  ######
     ##        ##  ##    ##  ##       ##     ## ##     ##       ## ##
     ##       #### ##     ## ######## ########  ##     ##  ######  ########

You're about to initialize a Firebase project in this directory:

  C:\Users\ASUS\Downloads\Dev\job\bantubantuin\frontend-react

